Arguments: 
  /Users/dengshaofei/.nvm/versions/node/v13.9.0/bin/node /Users/dengshaofei/.nvm/versions/node/v13.9.0/bin/yarn install

PATH: 
  /usr/local/opt/gettext/bin:/usr/local/sbin:/Users/dengshaofei/.nvm/versions/node/v13.9.0/bin:/Library/Java/JavaVirtualMachines/jdk1.8.0_191.jdk/Contents/Home/bin:/usr/local/bin:/usr/bin:/bin:/usr/sbin:/sbin:/Applications/VMware Fusion.app/Contents/Public:/usr/local/go/bin:/Library/Apple/usr/bin:/Library/Frameworks/Mono.framework/Versions/Current/Commands:/usr/local/opt/gettext/bin:/usr/local/sbin:/Library/Java/JavaVirtualMachines/jdk1.8.0_191.jdk/Contents/Home/bin:/Users/dengshaofei/Library/Android/sdk/tools:/Users/dengshaofei/Library/Android/sdk/tools/bin:/Users/dengshaofei/Library/Android/sdk/platform-tools:/Users/dengshaofei/Library/Android/sdk/emulator:/Users/dengshaofei/Downloads/soft/flutter/bin:.:/usr/local/mysql/bin:/Library/Frameworks/Mono.framework/Versions/5.18.1/bin:/usr/local/MongoDB/bin:/Users/dengshaofei/Library/Android/sdk/tools:/Users/dengshaofei/Library/Android/sdk/tools/bin:/Users/dengshaofei/Library/Android/sdk/platform-tools:/Users/dengshaofei/Library/Android/sdk/emulator:/Users/dengshaofei/Downloads/soft/flutter/bin:.:/usr/local/mysql/bin:/Library/Frameworks/Mono.framework/Versions/5.18.1/bin:/usr/local/MongoDB/bin:/usr/local/go/bin

Yarn version: 
  1.22.0

Node version: 
  13.9.0

Platform: 
  darwin x64

Trace: 
  SyntaxError: /Users/dengshaofei/workspace/work/broker-client-ui/package.json: Unexpected token } in JSON at position 755
      at JSON.parse (<anonymous>)
      at /Users/dengshaofei/.nvm/versions/node/v13.9.0/lib/node_modules/yarn/lib/cli.js:1625:59
      at Generator.next (<anonymous>)
      at step (/Users/dengshaofei/.nvm/versions/node/v13.9.0/lib/node_modules/yarn/lib/cli.js:310:30)
      at /Users/dengshaofei/.nvm/versions/node/v13.9.0/lib/node_modules/yarn/lib/cli.js:321:13

npm manifest: 
  {
    "name": "broker-client-ui",
    "version": "1.0.0",
    "description": "A Vue.js project",
    "author": "devCloud1_caopeng <caopeng001@chinasoftinc.com>",
    "private": true,
    "scripts": {
      "dev": "webpack-dev-server --inline --progress --config build/webpack.dev.conf.js",
      "start": "npm run dev",
      "build": "node build/build.js"
    },
    "dependencies": {
      "ajv": "^6.9.1",
      "clipboard": "^2.0.6",
      "axios": "^0.18.0",
      "cross-env": "^7.0.2",
      "moment": "^2.24.0",
      "net": "^1.0.2",
      "sockjs-client": "^1.4.0",
      "stompjs": "^2.3.3",
      "vee-validate": "^3.2.5",
      "vuex-persistedstate": "^2.5.4",
      "element-ui": "~2.12.0",
          "vue": "^2.5.2",
          "vue-router": "^3.0.1",
          "vuex": "^3.1.0",
          
    },
    "devDependencies": {
      "autoprefixer": "^7.1.2",
      "babel-core": "^6.22.1",
      "babel-helper-vue-jsx-merge-props": "^2.0.3",
      "babel-loader": "^7.1.1",
      "babel-plugin-syntax-jsx": "^6.18.0",
      "babel-plugin-transform-runtime": "^6.22.0",
      "babel-plugin-transform-vue-jsx": "^3.5.0",
      "babel-polyfill": "^6.26.0",
      "babel-preset-env": "^1.3.2",
      "babel-preset-stage-2": "^6.22.0",
      "babel-register": "^6.26.0",
      "babel-runtime": "6.23.0",
      "body-parser": "^1.19.0",
      "chalk": "^2.0.1",
      "compression-webpack-plugin": "^1.1.12",
      "copy-webpack-plugin": "^4.0.1",
      "css-loader": "^0.28.0",
      "extract-text-webpack-plugin": "^3.0.0",
      "file-loader": "^1.1.4",
      "friendly-errors-webpack-plugin": "^1.6.1",
      "html-webpack-plugin": "^2.30.1",
      "lodash": "^4.17.19",
      "node-notifier": "^5.1.2",
      "node-sass": "^4.13.1",
      "optimize-css-assets-webpack-plugin": "^3.2.0",
      "ora": "^1.2.0",
      "portfinder": "^1.0.13",
      "postcss-import": "^11.0.0",
      "postcss-loader": "^2.0.8",
      "postcss-url": "^7.2.1",
      "qs": "^6.9.4",
      "rimraf": "^2.6.0",
      "sass-loader": "^7.3.1",
      "semver": "^5.3.0",
      "shelljs": "^0.7.6",
      "uglifyjs-webpack-plugin": "^1.1.1",
      "url-loader": "^0.5.8",
      "vue-loader": "^13.3.0",
      "vue-style-loader": "^3.0.1",
      "vue-template-compiler": "^2.5.2",
      "webpack": "^3.6.0",
      "webpack-bundle-analyzer": "^2.9.0",
      "webpack-dev-server": "^2.9.1",
      "webpack-merge": "^4.1.0"
    },
    "engines": {
      "node": ">= 6.0.0",
      "npm": ">= 3.0.0"
    },
    "browserslist": [
      "> 1%",
      "last 2 versions",
      "not ie <= 8"
    ]
  }

yarn manifest: 
  No manifest

Lockfile: 
  No lockfile
